# JRE version: OpenJDK Runtime Environment (11.0.15) (build 11.0.15+0-b2043.56-8887301)
# Java VM: OpenJDK 64-Bit Server VM (11.0.15+0-b2043.56-8887301, mixed mode, tiered, compressed oops, g1 gc, windows-amd64)
Heap:
 garbage-first heap   total 195584K, used 137722K [0x00000000a0000000, 0x0000000100000000)
  region size 1024K, 26 young (26624K), 3 survivors (3072K)
 Metaspace       used 74931K, capacity 76902K, committed 77160K, reserved 1116160K
  class space    used 9399K, capacity 10121K, committed 10240K, reserved 1048576K
GC Heap History (20 events):
Event: 27.748 GC heap before
{Heap before GC invocations=52 (full 0):
 garbage-first heap   total 129024K, used 111203K [0x00000000a0000000, 0x0000000100000000)
  region size 1024K, 6 young (6144K), 1 survivors (1024K)
 Metaspace       used 60150K, capacity 61928K, committed 62184K, reserved 1103872K
  class space    used 7601K, capacity 8255K, committed 8320K, reserved 1048576K
}
Event: 27.750 GC heap after
{Heap after GC invocations=53 (full 0):
 garbage-first heap   total 129024K, used 107406K [0x00000000a0000000, 0x0000000100000000)
  region size 1024K, 1 young (1024K), 1 survivors (1024K)
 Metaspace       used 60150K, capacity 61928K, committed 62184K, reserved 1103872K
  class space    used 7601K, capacity 8255K, committed 8320K, reserved 1048576K
}
Event: 27.812 GC heap before
{Heap before GC invocations=53 (full 0):
 garbage-first heap   total 129024K, used 112526K [0x00000000a0000000, 0x0000000100000000)
  region size 1024K, 6 young (6144K), 1 survivors (1024K)
 Metaspace       used 60744K, capacity 62551K, committed 62824K, reserved 1103872K
  class space    used 7682K, capacity 8336K, committed 8448K, reserved 1048576K
}
Event: 27.814 GC heap after
{Heap after GC invocations=54 (full 0):
 garbage-first heap   total 129024K, used 107496K [0x00000000a0000000, 0x0000000100000000)
  region size 1024K, 1 young (1024K), 1 survivors (1024K)
 Metaspace       used 60744K, capacity 62551K, committed 62824K, reserved 1103872K
  class space    used 7682K, capacity 8336K, committed 8448K, reserved 1048576K
}
Event: 27.903 GC heap before
{Heap before GC invocations=54 (full 0):
 garbage-first heap   total 129024K, used 112616K [0x00000000a0000000, 0x0000000100000000)
  region size 1024K, 6 young (6144K), 1 survivors (1024K)
 Metaspace       used 61541K, capacity 63415K, committed 63592K, reserved 1103872K
  class space    used 7794K, capacity 8432K, committed 8448K, reserved 1048576K
}
Event: 27.905 GC heap after
{Heap after GC invocations=55 (full 0):
 garbage-first heap   total 129024K, used 108090K [0x00000000a0000000, 0x0000000100000000)
  region size 1024K, 1 young (1024K), 1 survivors (1024K)
 Metaspace       used 61541K, capacity 63415K, committed 63592K, reserved 1103872K
  class space    used 7794K, capacity 8432K, committed 8448K, reserved 1048576K
}
Event: 27.975 GC heap before
{Heap before GC invocations=56 (full 0):
 garbage-first heap   total 129024K, used 113210K [0x00000000a0000000, 0x0000000100000000)
  region size 1024K, 6 young (6144K), 1 survivors (1024K)
 Metaspace       used 62106K, capacity 63951K, committed 64232K, reserved 1105920K
  class space    used 7883K, capacity 8546K, committed 8576K, reserved 1048576K
}
Event: 27.976 GC heap after
{Heap after GC invocations=57 (full 0):
 garbage-first heap   total 129024K, used 107940K [0x00000000a0000000, 0x0000000100000000)
  region size 1024K, 1 young (1024K), 1 survivors (1024K)
 Metaspace       used 62106K, capacity 63951K, committed 64232K, reserved 1105920K
  class space    used 7883K, capacity 8546K, committed 8576K, reserved 1048576K
}
Event: 28.040 GC heap before
{Heap before GC invocations=57 (full 0):
 garbage-first heap   total 129024K, used 113060K [0x00000000a0000000, 0x0000000100000000)
  region size 1024K, 6 young (6144K), 1 survivors (1024K)
 Metaspace       used 63023K, capacity 64847K, committed 65128K, reserved 1105920K
  class space    used 7954K, capacity 8610K, committed 8704K, reserved 1048576K
}
Event: 28.042 GC heap after
{Heap after GC invocations=58 (full 0):
 garbage-first heap   total 155648K, used 107988K [0x00000000a0000000, 0x0000000100000000)
  region size 1024K, 1 young (1024K), 1 survivors (1024K)
 Metaspace       used 63023K, capacity 64847K, committed 65128K, reserved 1105920K
  class space    used 7954K, capacity 8610K, committed 8704K, reserved 1048576K
}
Event: 28.282 GC heap before
{Heap before GC invocations=59 (full 0):
 garbage-first heap   total 155648K, used 123348K [0x00000000a0000000, 0x0000000100000000)
  region size 1024K, 16 young (16384K), 1 survivors (1024K)
 Metaspace       used 65506K, capacity 67408K, committed 67688K, reserved 1107968K
  class space    used 8206K, capacity 8887K, committed 8960K, reserved 1048576K
}
Event: 28.286 GC heap after
{Heap after GC invocations=60 (full 0):
 garbage-first heap   total 155648K, used 108676K [0x00000000a0000000, 0x0000000100000000)
  region size 1024K, 1 young (1024K), 1 survivors (1024K)
 Metaspace       used 65506K, capacity 67408K, committed 67688K, reserved 1107968K
  class space    used 8206K, capacity 8887K, committed 8960K, reserved 1048576K
}
Event: 28.518 GC heap before
{Heap before GC invocations=60 (full 0):
 garbage-first heap   total 155648K, used 124036K [0x00000000a0000000, 0x0000000100000000)
  region size 1024K, 17 young (17408K), 1 survivors (1024K)
 Metaspace       used 67836K, capacity 69778K, committed 69864K, reserved 1110016K
  class space    used 8533K, capacity 9272K, committed 9344K, reserved 1048576K
}
Event: 28.522 GC heap after
{Heap after GC invocations=61 (full 0):
 garbage-first heap   total 155648K, used 109487K [0x00000000a0000000, 0x0000000100000000)
  region size 1024K, 2 young (2048K), 2 survivors (2048K)
 Metaspace       used 67836K, capacity 69778K, committed 69864K, reserved 1110016K
  class space    used 8533K, capacity 9272K, committed 9344K, reserved 1048576K
}
Event: 28.941 GC heap before
{Heap before GC invocations=62 (full 0):
 garbage-first heap   total 155648K, used 124847K [0x00000000a0000000, 0x0000000100000000)
  region size 1024K, 18 young (18432K), 2 survivors (2048K)
 Metaspace       used 69884K, capacity 71897K, committed 72040K, reserved 1112064K
  class space    used 8755K, capacity 9466K, committed 9472K, reserved 1048576K
}
Event: 28.946 GC heap after
{Heap after GC invocations=63 (full 0):
 garbage-first heap   total 155648K, used 111739K [0x00000000a0000000, 0x0000000100000000)
  region size 1024K, 3 young (3072K), 3 survivors (3072K)
 Metaspace       used 69884K, capacity 71897K, committed 72040K, reserved 1112064K
  class space    used 8755K, capacity 9466K, committed 9472K, reserved 1048576K
}
Event: 29.157 GC heap before
{Heap before GC invocations=63 (full 0):
 garbage-first heap   total 155648K, used 128123K [0x00000000a0000000, 0x0000000100000000)
  region size 1024K, 19 young (19456K), 3 survivors (3072K)
 Metaspace       used 71383K, capacity 73398K, committed 73576K, reserved 1114112K
  class space    used 8938K, capacity 9663K, committed 9728K, reserved 1048576K
}
Event: 29.163 GC heap after
{Heap after GC invocations=64 (full 0):
 garbage-first heap   total 195584K, used 113117K [0x00000000a0000000, 0x0000000100000000)
  region size 1024K, 2 young (2048K), 2 survivors (2048K)
 Metaspace       used 71383K, capacity 73398K, committed 73576K, reserved 1114112K
  class space    used 8938K, capacity 9663K, committed 9728K, reserved 1048576K
}
Event: 29.407 GC heap before
{Heap before GC invocations=65 (full 0):
 garbage-first heap   total 195584K, used 127453K [0x00000000a0000000, 0x0000000100000000)
  region size 1024K, 17 young (17408K), 2 survivors (2048K)
 Metaspace       used 72642K, capacity 74633K, committed 74728K, reserved 1114112K
  class space    used 9107K, capacity 9838K, committed 9856K, reserved 1048576K
}
Event: 29.411 GC heap after
{Heap after GC invocations=66 (full 0):
 garbage-first heap   total 195584K, used 114170K [0x00000000a0000000, 0x0000000100000000)
  region size 1024K, 3 young (3072K), 3 survivors (3072K)
 Metaspace       used 72642K, capacity 74633K, committed 74728K, reserved 1114112K
  class space    used 9107K, capacity 9838K, committed 9856K, reserved 1048576K
}

